<?xml version="1.0" encoding="UTF-8"?>
<testsuite xmlns:xsi="http://www.w3.org/2001/XMLSchema-instance" xsi:noNamespaceSchemaLocation="https://maven.apache.org/surefire/maven-surefire-plugin/xsd/surefire-test-report.xsd" name="com.simpleMathOps.OperationTest" time="0.002" tests="5" errors="0" skipped="0" failures="0">
  <properties>
[...]
</properties>
  <testcase name="subtractTest" classname="com.simpleMathOps.OperationTest" time="0"/>
  <testcase name="divisionTest" classname="com.simpleMathOps.OperationTest" time="0"/>
  <testcase name="remainderTest" classname="com.simpleMathOps.OperationTest" time="0"/>
  <testcase name="identityTest" classname="com.simpleMathOps.OperationTest" time="0.001"/>
  <testcase name="addTest" classname="com.simpleMathOps.OperationTest" time="0"/>
</testsuite>